date: 2013-10-29 17:02:33.344
argv: node /usr/local/bin/hexo migrate rss all.rss.xml
os: Linux 3.2.0-4-amd64 linux x64
version:
  hexo: 2.3.0
  http_parser: 1.0
  node: 0.10.21
  v8: 3.14.5.9
  ares: 1.9.0-DEV
  uv: 0.10.18
  zlib: 1.2.3
  modules: 11
  openssl: 1.0.1e
---

[debug] 17:02:33.045 Configuration file load successfully
[debug] 17:02:33.051 Plugin loaded successfully: hexo-generator-feed
[debug] 17:02:33.053 Plugin loaded successfully: hexo-generator-sitemap
[debug] 17:02:33.054 Plugin loaded successfully: hexo-local-image
[debug] 17:02:33.099 Plugin loaded successfully: hexo-migrator-rss
[debug] 17:02:33.099 Version info checked successfully
[debug] 17:02:33.100 Loading the database...
[error] 17:02:33.338 TypeError: Object function FeedParser(options) {
  if (!(this instanceof FeedParser)) return new FeedParser(options);
  TransformStream.call(this);
  this._readableState.objectMode = true;
  this._readableState.highWaterMark = 16; // max. # of output nodes buffered

  this.init();
  this.parseOpts(options);
  // See https://github.com/isaacs/sax-js for more info
  this.stream = sax.createStream(this.options.strict /* strict mode - no by default */, {lowercase: true, xmlns: true });
  this.stream.on('error', this.handleSaxError.bind(this));
  this.stream.on('processinginstruction', this.handleProcessingInstruction.bind(this));
  this.stream.on('opentag', this.handleOpenTag.bind(this));
  this.stream.on('closetag',this.handleCloseTag.bind(this));
  this.stream.on('text', this.handleText.bind(this));
  this.stream.on('cdata', this.handleText.bind(this));
  this.stream.on('end', this.handleEnd.bind(this));
} has no method 'parseFile'
TypeError: Object function FeedParser(options) {
  if (!(this instanceof FeedParser)) return new FeedParser(options);
  TransformStream.call(this);
  this._readableState.objectMode = true;
  this._readableState.highWaterMark = 16; // max. # of output nodes buffered

  this.init();
  this.parseOpts(options);
  // See https://github.com/isaacs/sax-js for more info
  this.stream = sax.createStream(this.options.strict /* strict mode - no by default */, {lowercase: true, xmlns: true });
  this.stream.on('error', this.handleSaxError.bind(this));
  this.stream.on('processinginstruction', this.handleProcessingInstruction.bind(this));
  this.stream.on('opentag', this.handleOpenTag.bind(this));
  this.stream.on('closetag',this.handleCloseTag.bind(this));
  this.stream.on('text', this.handleText.bind(this));
  this.stream.on('cdata', this.handleText.bind(this));
  this.stream.on('end', this.handleEnd.bind(this));
} has no method 'parseFile'
    at async.waterfall.async.forEach.postLink (/home/wrought/projects/blog/node_modules/hexo-migrator-rss/index.js:25:22)
    at fn (/home/wrought/projects/blog/node_modules/hexo-migrator-rss/node_modules/async/lib/async.js:579:34)
    at Object._onImmediate (/home/wrought/projects/blog/node_modules/hexo-migrator-rss/node_modules/async/lib/async.js:495:34)
    at processImmediate [as _immediateCallback] (timers.js:330:15)
